<?xml version="1.0" encoding="UTF-8"?>
<!-- Generated by org.testng.reporters.JUnitReportReporter -->
<testsuite hostname="Lubhanshis-MacBook-Pro.local" failures="0" tests="1" name="com.herokuapp.theinternet.PositiveTest" time="29.041" errors="0" timestamp="2022-02-15T16:33:31 IST" skipped="0">
  <testcase classname="com.herokuapp.theinternet.PositiveTest" name="loginTest" time="29.041"/>
  <system-out/>
</testsuite> <!-- com.herokuapp.theinternet.PositiveTest -->
